(lgaultie)Running: start_machine			[exec-time = 1573050160]
(lgaultie)Running: boil_water			[exec-time = 1573050160]
(lgaultie)Running: make_coffee			[exec-time = 1573050160]
(lgaultie)Running: add_water			[exec-time = 1573050160]
(lgaultie)Running: start_machine			[exec-time = 1573050812]
(lgaultie)Running: boil_water			[exec-time = 1573050812]
(lgaultie)Running: make_coffee			[exec-time = 1573050812]
(lgaultie)Running: add_water			[exec-time = 1573050812]
(lgaultie)Running: start_machine			[exec-time = 1573050874]
(lgaultie)Running: boil_water			[exec-time = 1573050874]
(lgaultie)Running: make_coffee			[exec-time = 1573050874]
(lgaultie)Running: add_water			[exec-time = 1573050874]
(lgaultie)Running: start_machine			[exec-time = 1573050888]
(lgaultie)Running: boil_water			[exec-time = 1573050888]
(lgaultie)Running: make_coffee			[exec-time = 1573050888]
(lgaultie)Running: add_water			[exec-time = 1573050888]
(lgaultie)Running: start_machine			[exec-time = 1573051391]
(lgaultie)Running: boil_water			[exec-time = 1573051391]
(lgaultie)Running: make_coffee			[exec-time = 1573051391]
(lgaultie)Running: add_water			[exec-time = 1573051391]
(lgaultie)Running: start_machine			[exec-time = 1573051449]
(lgaultie)Running: boil_water			[exec-time = 1573051449]
(lgaultie)Running: make_coffee			[exec-time = 1573051449]
(lgaultie)Running: add_water			[exec-time = 1573051449]
(lgaultie)Running: start_machine			[exec-time = 1573051464]
(lgaultie)Running: start_machine			[exec-time = 1573051469]
(lgaultie)Running: boil_water			[exec-time = 1573051469]
(lgaultie)Running: make_coffee			[exec-time = 1573051469]
(lgaultie)Running: add_water			[exec-time = 1573051469]
(lgaultie)Running: start_machine			[exec-time = 1573051523]
(lgaultie)Running: boil_water			[exec-time = 1573051523]
(lgaultie)Running: make_coffee			[exec-time = 1573051523]
(lgaultie)Running: add_water			[exec-time = 1573051523]
(lgaultie)Running: start_machine			[exec-time = 1573051542]
(lgaultie)Running: boil_water			[exec-time = 1573051542]
(lgaultie)Running: make_coffee			[exec-time = 1573051542]
(lgaultie)Running: add_water			[exec-time = 1573051542]
(lgaultie)Running: start_machine			[exec-time = 1573051554]
(lgaultie)Running: boil_water			[exec-time = 1573051554]
(lgaultie)Running: make_coffee			[exec-time = 1573051554]
(lgaultie)Running: add_water			[exec-time = 1573051554]
(lgaultie)Running: start_machine(lgaultie)Running: start_machine(lgaultie)Running: start_machine			[exec-time = %d]
(lgaultie)Running: boil_water			[exec-time = %d]
(lgaultie)Running: make_coffee			[exec-time = %d]
(lgaultie)Running: add_water			[exec-time = %d]
(lgaultie)Running: start_machine			[exec-time = ]
(lgaultie)Running: boil_water			[exec-time = ]
(lgaultie)Running: make_coffee			[exec-time = ]
(lgaultie)Running: add_water			[exec-time = ]
(lgaultie)Running: start_machine			[exec-time = ]
(lgaultie)Running: start_machine			[exec-time = ]
(lgaultie)Running: boil_water			[exec-time = ]
(lgaultie)Running: make_coffee			[exec-time = ]
(lgaultie)Running: add_water			[exec-time = ]
(lgaultie)Running: start_machine(lgaultie)Running: start_machine			[exec-time = ]
(lgaultie)Running: boil_water			[exec-time = ]
(lgaultie)Running: make_coffee			[exec-time = ]
(lgaultie)Running: add_water			[exec-time = ]
